/home/m1miso/maxime.soltane.etu/quast-5.3.0/quast.py -r Ref.fa level1_contig.fa_31_3 -m 50

Version: 5.3.0

System information:
  OS: Linux-5.15.0-138-generic-x86_64-with-glibc2.35 (linux_64)
  Python version: 3.12.9
  CPUs number: 12

Started: 2025-04-25 11:47:21

Logging to /home/m1miso/maxime.soltane.etu/quast-5.3.0/quast_results/results_2025_04_25_11_47_21/quast.log
NOTICE: Maximum number of threads is set to 3 (use --threads option to set it manually)

CWD: /home/m1miso/maxime.soltane.etu/quast-5.3.0
Main parameters: 
  MODE: default, threads: 3, min contig length: 50, min alignment length: 65, min alignment IDY: 95.0, \
  ambiguity: one, min local misassembly length: 200, min extensive misassembly length: 1000

WARNING: Can't draw plots: python-matplotlib is missing or corrupted.

Reference:
  /home/m1miso/maxime.soltane.etu/quast-5.3.0/Ref.fa ==> Ref

Contigs:
  Pre-processing...
  level1_contig.fa_31_3 ==> level1_contig.fa_31_3

2025-04-25 11:47:21
Running Basic statistics processor...
  Reference genome:
    Ref.fa, length = 29903, num fragments = 1, GC % = 37.97
  Contig files: 
    level1_contig.fa_31_3
  Calculating N50 and L50...
    level1_contig.fa_31_3, N50 = 29253, L50 = 1, auN = 29253.0, Total length = 29253, GC % = 37.88, # N's per 100 kbp =  0.00
Done.

2025-04-25 11:47:21
Running Contig analyzer...
  level1_contig.fa_31_3
  Logging to files /home/m1miso/maxime.soltane.etu/quast-5.3.0/quast_results/results_2025_04_25_11_47_21/contigs_reports/contigs_report_level1_contig-fa_31_3.stdout and contigs_report_level1_contig-fa_31_3.stderr...
  Aligning contigs to the reference
  quast_libs/minimap2/minimap2 -c -x asm10 -B5 -O4,16 --no-long-join -r 200 -N 50 \
  -s 65 -z 200 --mask-level 0.9 --min-occ 200 -g 2500 --score-N 2 --cs -t 3 quast_results/results_2025_04_25_11_47_21/quast_corrected_input/Ref.fa \
  quast_results/results_2025_04_25_11_47_21/quast_corrected_input/level1_contig-fa_31_3 \
  > quast_results/results_2025_04_25_11_47_21/contigs_reports/minimap_output/level1_contig-fa_31_3.coords_tmp \
  2>> quast_results/results_2025_04_25_11_47_21/contigs_reports/contigs_report_level1_contig-fa_31_3.stderr
  Analysis is finished.

  Creating total report...
    saved to /home/m1miso/maxime.soltane.etu/quast-5.3.0/quast_results/results_2025_04_25_11_47_21/contigs_reports/misassemblies_report.txt, misassemblies_report.tsv, and misassemblies_report.tex
  Transposed version of total report...
    saved to /home/m1miso/maxime.soltane.etu/quast-5.3.0/quast_results/results_2025_04_25_11_47_21/contigs_reports/transposed_report_misassemblies.txt, transposed_report_misassemblies.tsv, and transposed_report_misassemblies.tex
  Creating total report...
    saved to /home/m1miso/maxime.soltane.etu/quast-5.3.0/quast_results/results_2025_04_25_11_47_21/contigs_reports/unaligned_report.txt, unaligned_report.tsv, and unaligned_report.tex
Done.

2025-04-25 11:47:22
Running NA-NGA calculation...
  level1_contig.fa_31_3, Largest alignment = 29253, NA50 = 29253, NGA50 = 29253, LA50 = 1, LGA50 = 1
Done.

2025-04-25 11:47:22
Running Genome analyzer...
  NOTICE: No file with genomic features were provided. Use the --features option if you want to specify it.

  NOTICE: No file with operons were provided. Use the -O option if you want to specify it.
  level1_contig.fa_31_3
  Analysis is finished.
Done.

NOTICE: Genes are not predicted by default. Use --gene-finding or --glimmer option to enable it.

2025-04-25 11:47:22
Creating large visual summaries...
This may take a while: press Ctrl-C to skip this step..
  1 of 1: Creating Icarus viewers...
Done

2025-04-25 11:47:22
RESULTS:
  Text versions of total report are saved to /home/m1miso/maxime.soltane.etu/quast-5.3.0/quast_results/results_2025_04_25_11_47_21/report.txt, report.tsv, and report.tex
  Text versions of transposed total report are saved to /home/m1miso/maxime.soltane.etu/quast-5.3.0/quast_results/results_2025_04_25_11_47_21/transposed_report.txt, transposed_report.tsv, and transposed_report.tex
  HTML version (interactive tables and plots) is saved to /home/m1miso/maxime.soltane.etu/quast-5.3.0/quast_results/results_2025_04_25_11_47_21/report.html
  Icarus (contig browser) is saved to /home/m1miso/maxime.soltane.etu/quast-5.3.0/quast_results/results_2025_04_25_11_47_21/icarus.html
  Log is saved to /home/m1miso/maxime.soltane.etu/quast-5.3.0/quast_results/results_2025_04_25_11_47_21/quast.log

Finished: 2025-04-25 11:47:22
Elapsed time: 0:00:00.335078
NOTICEs: 4; WARNINGs: 1; non-fatal ERRORs: 0

Thank you for using QUAST!
