Aligning contigs to reference...
	Aligning contigs to the reference
Filtering alignments...
Parsing coords...
Loading reference...
	Loaded [NC_045512.2]
	Total Regions: 1
	Total Region Length: 29903
Analyzing contigs...
CONTIG: contig_1_from_AGAGATCGCCATTATTTTGGCATCTTTTTCT (28519bp)
Best alignment score: 28519.0 (LEN: 28519, IDY: 100.00), Total number of alignments: 1
		One align captures most of this contig: 653 29171 | 1 28519 | 28519 28519 | 100.0 | NC_045512.2 contig_1_from_AGAGATCGCCATTATTTTGGCATCTTTTTCT

Analyzing coverage...
Writing SNPs into /home/m1miso/maxime.soltane.etu/quast-5.3.0/quast_results/results_2025_04_25_11_41_21/contigs_reports/minimap_output/level1_contig-fa_21_5.used_snps

Analysis is finished!
Founded SNPs were written into /home/m1miso/maxime.soltane.etu/quast-5.3.0/quast_results/results_2025_04_25_11_41_21/contigs_reports/minimap_output/level1_contig-fa_21_5.used_snps

Results:
	Local Misassemblies: 0
	Misassemblies: 0
		Relocations: 0
		Translocations: 0
		Inversions: 0
	Scaffold gap extensive misassemblies: 0
	Scaffold gap local misassemblies: 0
	Misassembled Contigs: 0
	Misassembled Contig Bases: 0
	Misassemblies Inter-Contig Overlap ("Extra" Aligned Bases): 0
Unaligned Contigs: 0 + 0 part
Half Unaligned Contigs with Misassemblies: 0
Unaligned Bases in Fully and Partially Unaligned Contigs: 0

Ambiguously Mapped Contigs: 0
Total Bases in Ambiguously Mapped Contigs: 0
"Extra" Aligned Bases in Ambiguously Mapped Contigs: 0
Note that --allow-ambiguity option was set to "one" and only first alignment per each of these contigs was used (there is no "extra" aligned bases).

	Covered Bases in Reference: 28519
	Raw Aligned Bases in Assembly: 28519
	Total Aligned Bases in Assembly (with "Extras"): 28519

	SNPs: 0
	Insertions: 0
	Deletions: 0

